<?xml version="1.0" encoding="UTF-8"?>
<testng-results ignored="0" total="2" passed="2" failed="0" skipped="0">
  <reporter-output>
  </reporter-output>
  <suite started-at="2022-03-30T23:02:50 IDT" name="Web Suite" finished-at="2022-03-30T23:03:02 IDT" duration-ms="11851">
    <groups>
    </groups>
    <test started-at="2022-03-30T23:02:50 IDT" name="Web Tests" finished-at="2022-03-30T23:03:02 IDT" duration-ms="11851">
      <class name="sanity.TodoListElectron">
        <test-method is-config="true" signature="startSession(java.lang.String)[pri:0, instance:sanity.TodoListElectron@7cf283e1]" started-at="2022-03-30T23:02:50 IDT" name="startSession" finished-at="2022-03-30T23:02:55 IDT" duration-ms="4695" status="PASS">
          <params>
            <param index="0">
              <value>
                <![CDATA[electron]]>
              </value>
            </param>
          </params>
          <reporter-output>
          </reporter-output>
        </test-method> <!-- startSession -->
        <test-method is-config="true" signature="beforeMethod(java.lang.reflect.Method)[pri:0, instance:sanity.TodoListElectron@7cf283e1]" started-at="2022-03-30T23:02:55 IDT" name="beforeMethod" finished-at="2022-03-30T23:02:55 IDT" duration-ms="54" status="PASS">
          <params>
            <param index="0">
              <value>
                <![CDATA[public void sanity.TodoListElectron.Test01_addAndVerifyNewTask()]]>
              </value>
            </param>
          </params>
          <reporter-output>
          </reporter-output>
        </test-method> <!-- beforeMethod -->
        <test-method signature="Test01_addAndVerifyNewTask()[pri:0, instance:sanity.TodoListElectron@7cf283e1]" started-at="2022-03-30T23:02:55 IDT" name="Test01_addAndVerifyNewTask" description="Test01- Add And Verify New Task" finished-at="2022-03-30T23:02:56 IDT" duration-ms="301" status="PASS">
          <reporter-output>
          </reporter-output>
        </test-method> <!-- Test01_addAndVerifyNewTask -->
        <test-method is-config="true" signature="afterMethod()[pri:0, instance:sanity.TodoListElectron@7cf283e1]" started-at="2022-03-30T23:02:56 IDT" name="afterMethod" finished-at="2022-03-30T23:03:01 IDT" duration-ms="5145" status="PASS">
          <reporter-output>
          </reporter-output>
        </test-method> <!-- afterMethod -->
        <test-method is-config="true" signature="beforeMethod(java.lang.reflect.Method)[pri:0, instance:sanity.TodoListElectron@7cf283e1]" started-at="2022-03-30T23:03:01 IDT" name="beforeMethod" finished-at="2022-03-30T23:03:01 IDT" duration-ms="8" status="PASS">
          <params>
            <param index="0">
              <value>
                <![CDATA[public void sanity.TodoListElectron.Test02_addAndVerifyNewTasks()]]>
              </value>
            </param>
          </params>
          <reporter-output>
          </reporter-output>
        </test-method> <!-- beforeMethod -->
        <test-method signature="Test02_addAndVerifyNewTasks()[pri:0, instance:sanity.TodoListElectron@7cf283e1]" started-at="2022-03-30T23:03:01 IDT" name="Test02_addAndVerifyNewTasks" description="Test02- Add And Verify New Tasks" finished-at="2022-03-30T23:03:01 IDT" duration-ms="501" status="PASS">
          <reporter-output>
          </reporter-output>
        </test-method> <!-- Test02_addAndVerifyNewTasks -->
        <test-method is-config="true" signature="afterMethod()[pri:0, instance:sanity.TodoListElectron@7cf283e1]" started-at="2022-03-30T23:03:01 IDT" name="afterMethod" finished-at="2022-03-30T23:03:02 IDT" duration-ms="176" status="PASS">
          <reporter-output>
          </reporter-output>
        </test-method> <!-- afterMethod -->
        <test-method is-config="true" signature="closeSession()[pri:0, instance:sanity.TodoListElectron@7cf283e1]" started-at="2022-03-30T23:03:02 IDT" name="closeSession" finished-at="2022-03-30T23:03:02 IDT" duration-ms="574" status="PASS">
          <reporter-output>
          </reporter-output>
        </test-method> <!-- closeSession -->
      </class> <!-- sanity.TodoListElectron -->
    </test> <!-- Web Tests -->
  </suite> <!-- Web Suite -->
</testng-results>
