<?xml version="1.0" encoding="UTF-8"?>
<testsuite xmlns:xsi="http://www.w3.org/2001/XMLSchema-instance" xsi:noNamespaceSchemaLocation="https://maven.apache.org/surefire/maven-surefire-plugin/xsd/surefire-test-report.xsd" name="TestSuite" time="12.963" tests="2" errors="0" skipped="0" failures="0">
  <properties>
[...]
</properties>
  <testcase name="Test01_addAndVerifyNewTask" classname="sanity.TodoListElectron" time="0.458"/>
  <testcase name="Test02_addAndVerifyNewTasks" classname="sanity.TodoListElectron" time="0.624"/>
</testsuite>